#
# There is insufficient memory for the Java Runtime Environment to continue.
# Native memory allocation (mmap) failed to map 132120576 bytes for G1 virtual space
# Possible reasons:
#   The system is out of physical RAM or swap space
#   The process is running with CompressedOops enabled, and the Java Heap may be blocking the growth of the native heap
# Possible solutions:
#   Reduce memory load on the system
#   Increase physical memory or swap space
#   Check if swap backing store is full
#   Decrease Java heap size (-Xmx/-Xms)
#   Decrease number of Java threads
#   Decrease Java thread stack sizes (-Xss)
#   Set larger code cache with -XX:ReservedCodeCacheSize=
#   JVM is running with Unscaled Compressed Oops mode in which the Java heap is
#     placed in the first 4GB address space. The Java Heap base address is the
#     maximum limit for the native heap growth. Please use -XX:HeapBaseMinAddress
#     to set the Java Heap base and to place the Java Heap above 4GB virtual address.
# This output file may be truncated or incomplete.
#
#  Out of Memory Error (os_windows.cpp:3469), pid=3456, tid=5912
#
# JRE version:  (17.0.1+12) (build )
# Java VM: OpenJDK 64-Bit Server VM (17.0.1+12, mixed mode, sharing, tiered, compressed oops, compressed class ptrs, g1 gc, windows-amd64)
# No core dump will be written. Minidumps are not enabled by default on client versions of Windows
#

---------------  S U M M A R Y ------------

Command Line: -Dfile.encoding=Cp1252 -XX:+ShowCodeDetailsInExceptionMessages basics

Host: Intel(R) Core(TM) i5-10210U CPU @ 1.60GHz, 8 cores, 7G,  Windows 10 , 64 bit Build 22000 (10.0.22000.434)
Time: Tue Feb 15 10:40:37 2022 Hora padrão de GMT elapsed time: 0.021969 seconds (0d 0h 0m 0s)

---------------  T H R E A D  ---------------

Current thread (0x000001f1174691c0):  JavaThread "Unknown thread" [_thread_in_vm, id=5912, stack(0x0000009f04800000,0x0000009f04900000)]

Stack: [0x0000009f04800000,0x0000009f04900000]
Native frames: (J=compiled Java code, j=interpreted, Vv=VM code, C=native code)
V  [jvm.dll+0x6744da]
V  [jvm.dll+0x82e144]
V  [jvm.dll+0x82f8ee]
V  [jvm.dll+0x82ff53]
V  [jvm.dll+0x245175]
V  [jvm.dll+0x6714c9]
V  [jvm.dll+0x665f92]
V  [jvm.dll+0x303c3b]
V  [jvm.dll+0x30b176]
V  [jvm.dll+0x35af1e]
V  [jvm.dll+0x35b14f]
V  [jvm.dll+0x2dab78]
V  [jvm.dll+0x2dbae4]
V  [jvm.dll+0x7ffdf1]
V  [jvm.dll+0x368c91]
V  [jvm.dll+0x7df2cc]
V  [jvm.dll+0x3eb59f]
V  [jvm.dll+0x3ed121]
C  [jli.dll+0x5277]
C  [ucrtbase.dll+0x26c0c]
C  [KERNEL32.DLL+0x154e0]
C  [ntdll.dll+0x485b]


---------------  P R O C E S S  ---------------

Threads class SMR info:
_java_thread_list=0x00007ffbc4d24e58, length=0, elements={
}

Java Threads: ( => current thread )

Other Threads:
  0x000001f1174a7ef0 GCTaskThread "GC Thread#0" [stack: 0x0000009f04900000,0x0000009f04a00000] [id=21324]
  0x000001f1174b8830 ConcurrentGCThread "G1 Main Marker" [stack: 0x0000009f04a00000,0x0000009f04b00000] [id=3172]
  0x000001f1174ba8f0 ConcurrentGCThread "G1 Conc#0" [stack: 0x0000009f04b00000,0x0000009f04c00000] [id=18468]

[error occurred during error reporting (printing all threads), id 0xc0000005, EXCEPTION_ACCESS_VIOLATION (0xc0000005) at pc=0x00007ffbc44fb5f7]

VM state: not at safepoint (not fully initialized)

VM Mutex/Monitor currently owned by a thread:  ([mutex/lock_event])
[0x000001f117466b40] Heap_lock - owner thread: 0x000001f1174691c0

Heap address: 0x0000000082800000, size: 2008 MB, Compressed Oops mode: 32-bit

CDS archive(s) mapped at: [0x0000000000000000-0x0000000000000000-0x0000000000000000), size 0, SharedBaseAddress: 0x0000000800000000, ArchiveRelocationMode: 0.
Narrow klass base: 0x0000000000000000, Narrow klass shift: 0, Narrow klass range: 0x0

GC Precious Log:
<Empty>

Heap:
 garbage-first heap   total 0K, used 0K [0x0000000082800000, 0x0000000100000000)
  region size 1024K, 0 young (0K), 0 survivors (0K)

[error occurred during error reporting (printing heap information), id 0xc0000005, EXCEPTION_ACCESS_VIOLATION (0xc0000005) at pc=0x00007ffbc48dd729]

GC Heap History (0 events):
No events

Deoptimization events (0 events):
No events

Classes unloaded (0 events):
No events

Classes redefined (0 events):
No events

Internal exceptions (0 events):
No events

VM Operations (0 events):
No events

Events (1 events):
Event: 0.012 Loaded shared library C:\Users\Aline e Rodrigo\Downloads\eclipse-java-2021-12-R-win32-x86_64\eclipse\plugins\org.eclipse.justj.openjdk.hotspot.jre.full.win32.x86_64_17.0.1.v20211116-1657\jre\bin\java.dll


Dynamic libraries:
0x00007ff70ea10000 - 0x00007ff70ea1e000 	C:\Users\Aline e Rodrigo\Downloads\eclipse-java-2021-12-R-win32-x86_64\eclipse\plugins\org.eclipse.justj.openjdk.hotspot.jre.full.win32.x86_64_17.0.1.v20211116-1657\jre\bin\javaw.exe
0x00007ffc18ea0000 - 0x00007ffc190a7000 	C:\WINDOWS\SYSTEM32\ntdll.dll
0x00007ffc185b0000 - 0x00007ffc1866d000 	C:\WINDOWS\System32\KERNEL32.DLL
0x00007ffc16390000 - 0x00007ffc16704000 	C:\WINDOWS\System32\KERNELBASE.dll
0x00007ffc16a40000 - 0x00007ffc16b51000 	C:\WINDOWS\System32\ucrtbase.dll
0x00007ffc01060000 - 0x00007ffc01079000 	C:\Users\Aline e Rodrigo\Downloads\eclipse-java-2021-12-R-win32-x86_64\eclipse\plugins\org.eclipse.justj.openjdk.hotspot.jre.full.win32.x86_64_17.0.1.v20211116-1657\jre\bin\VCRUNTIME140.dll
0x00007ffc12be0000 - 0x00007ffc12bf8000 	C:\Users\Aline e Rodrigo\Downloads\eclipse-java-2021-12-R-win32-x86_64\eclipse\plugins\org.eclipse.justj.openjdk.hotspot.jre.full.win32.x86_64_17.0.1.v20211116-1657\jre\bin\jli.dll
0x00007ffc16d60000 - 0x00007ffc16f0c000 	C:\WINDOWS\System32\USER32.dll
0x00007ffc168a0000 - 0x00007ffc168c6000 	C:\WINDOWS\System32\win32u.dll
0x00007ffc18d80000 - 0x00007ffc18da9000 	C:\WINDOWS\System32\GDI32.dll
0x00007ffbfbfb0000 - 0x00007ffbfc255000 	C:\WINDOWS\WinSxS\amd64_microsoft.windows.common-controls_6595b64144ccf1df_6.0.22000.120_none_9d947278b86cc467\COMCTL32.dll
0x00007ffc16710000 - 0x00007ffc16822000 	C:\WINDOWS\System32\gdi32full.dll
0x00007ffc18db0000 - 0x00007ffc18e53000 	C:\WINDOWS\System32\msvcrt.dll
0x00007ffc16b60000 - 0x00007ffc16bfd000 	C:\WINDOWS\System32\msvcp_win.dll
0x00007ffc18bf0000 - 0x00007ffc18c21000 	C:\WINDOWS\System32\IMM32.DLL
0x00007ffc12bd0000 - 0x00007ffc12bdc000 	C:\Users\Aline e Rodrigo\Downloads\eclipse-java-2021-12-R-win32-x86_64\eclipse\plugins\org.eclipse.justj.openjdk.hotspot.jre.full.win32.x86_64_17.0.1.v20211116-1657\jre\bin\vcruntime140_1.dll
0x00007ffbf9d00000 - 0x00007ffbf9d91000 	C:\Users\Aline e Rodrigo\Downloads\eclipse-java-2021-12-R-win32-x86_64\eclipse\plugins\org.eclipse.justj.openjdk.hotspot.jre.full.win32.x86_64_17.0.1.v20211116-1657\jre\bin\msvcp140.dll
0x00007ffbc4210000 - 0x00007ffbc4e56000 	C:\Users\Aline e Rodrigo\Downloads\eclipse-java-2021-12-R-win32-x86_64\eclipse\plugins\org.eclipse.justj.openjdk.hotspot.jre.full.win32.x86_64_17.0.1.v20211116-1657\jre\bin\server\jvm.dll
0x00007ffc189a0000 - 0x00007ffc18a4e000 	C:\WINDOWS\System32\ADVAPI32.dll
0x00007ffc18510000 - 0x00007ffc185ae000 	C:\WINDOWS\System32\sechost.dll
0x00007ffc17890000 - 0x00007ffc179b0000 	C:\WINDOWS\System32\RPCRT4.dll
0x00007ffc16f10000 - 0x00007ffc16f18000 	C:\WINDOWS\System32\PSAPI.DLL
0x00007ffbe7ca0000 - 0x00007ffbe7ca9000 	C:\WINDOWS\SYSTEM32\WSOCK32.dll
0x00007ffc11a90000 - 0x00007ffc11ac3000 	C:\WINDOWS\SYSTEM32\WINMM.dll
0x00007ffc18760000 - 0x00007ffc187cf000 	C:\WINDOWS\System32\WS2_32.dll
0x00007ffc15130000 - 0x00007ffc1513a000 	C:\WINDOWS\SYSTEM32\VERSION.dll
0x00007ffc15580000 - 0x00007ffc15598000 	C:\WINDOWS\SYSTEM32\kernel.appcore.dll
0x00007ffc11c30000 - 0x00007ffc11c3a000 	C:\Users\Aline e Rodrigo\Downloads\eclipse-java-2021-12-R-win32-x86_64\eclipse\plugins\org.eclipse.justj.openjdk.hotspot.jre.full.win32.x86_64_17.0.1.v20211116-1657\jre\bin\jimage.dll
0x00007ffc0d8c0000 - 0x00007ffc0dae1000 	C:\WINDOWS\SYSTEM32\DBGHELP.DLL
0x00007ffbfb290000 - 0x00007ffbfb2c1000 	C:\WINDOWS\SYSTEM32\dbgcore.DLL
0x00007ffc16c00000 - 0x00007ffc16c7f000 	C:\WINDOWS\System32\bcryptPrimitives.dll
0x00007ffc01080000 - 0x00007ffc010a5000 	C:\Users\Aline e Rodrigo\Downloads\eclipse-java-2021-12-R-win32-x86_64\eclipse\plugins\org.eclipse.justj.openjdk.hotspot.jre.full.win32.x86_64_17.0.1.v20211116-1657\jre\bin\java.dll

dbghelp: loaded successfully - version: 4.0.5 - missing functions: none
symbol engine: initialized successfully - sym options: 0x614 - pdb path: .;C:\Users\Aline e Rodrigo\Downloads\eclipse-java-2021-12-R-win32-x86_64\eclipse\plugins\org.eclipse.justj.openjdk.hotspot.jre.full.win32.x86_64_17.0.1.v20211116-1657\jre\bin;C:\WINDOWS\SYSTEM32;C:\WINDOWS\WinSxS\amd64_microsoft.windows.common-controls_6595b64144ccf1df_6.0.22000.120_none_9d947278b86cc467;C:\Users\Aline e Rodrigo\Downloads\eclipse-java-2021-12-R-win32-x86_64\eclipse\plugins\org.eclipse.justj.openjdk.hotspot.jre.full.win32.x86_64_17.0.1.v20211116-1657\jre\bin\server

VM Arguments:
jvm_args: -Dfile.encoding=Cp1252 -XX:+ShowCodeDetailsInExceptionMessages 
java_command: basics
java_class_path (initial): C:\Users\Aline e Rodrigo\eclipse-workspace\MapsAPI_v2\MapsAPI\MapsAPI\target\classes;C:\Users\Aline e Rodrigo\.m2\repository\io\rest-assured\rest-assured\4.5.0\rest-assured-4.5.0.jar;C:\Users\Aline e Rodrigo\.m2\repository\org\codehaus\groovy\groovy\3.0.9\groovy-3.0.9.jar;C:\Users\Aline e Rodrigo\.m2\repository\org\codehaus\groovy\groovy-xml\3.0.9\groovy-xml-3.0.9.jar;C:\Users\Aline e Rodrigo\.m2\repository\org\apache\httpcomponents\httpclient\4.5.13\httpclient-4.5.13.jar;C:\Users\Aline e Rodrigo\.m2\repository\org\apache\httpcomponents\httpcore\4.4.13\httpcore-4.4.13.jar;C:\Users\Aline e Rodrigo\.m2\repository\commons-logging\commons-logging\1.2\commons-logging-1.2.jar;C:\Users\Aline e Rodrigo\.m2\repository\commons-codec\commons-codec\1.11\commons-codec-1.11.jar;C:\Users\Aline e Rodrigo\.m2\repository\org\apache\httpcomponents\httpmime\4.5.13\httpmime-4.5.13.jar;C:\Users\Aline e Rodrigo\.m2\repository\org\ccil\cowan\tagsoup\tagsoup\1.2.1\tagsoup-1.2.1.jar;C:\Users\Aline e Rodrigo\.m2\repository\io\rest-assured\json-path\4.5.0\json-path-4.5.0.jar;C:\Users\Aline e Rodrigo\.m2\repository\org\codehaus\groovy\groovy-json\3.0.9\groovy-json-3.0.9.jar;C:\Users\Aline e Rodrigo\.m2\repository\io\rest-assured\rest-assured-common\4.5.0\rest-assured-common-4.5.0.jar;C:\Users\Aline e Rodrigo\.m2\repository\io\rest-assured\xml-path\4.5.0\xml-path-4.5.0.jar;C:\Users\Aline e Rodrigo\.m2\repository\org\apache\commons\commons-lang3\3.11\commons-lang3-3.11.jar;C:\Users\Aline e Rodrigo\.m2\repository\org\testng\testng\7.5\testng-7.5.jar;C:\Users\Aline e Rodrigo\.m2\repository\com\google\code\findbugs\jsr305\3.0.1\jsr305-3.0.1.jar;C:\Users\Aline e Rodrigo\.m2\repository\org\slf4j\slf4j-api\1.7.32\slf4j-api-1.7.32.jar;C:\Users\Aline e Rodrigo\.m2\repository\com\beust\jcommander\1.78\jcommander-1.78.jar;C:\Users\Aline e Rodrigo\.m2\repository\org\webjars\jquery\3.5.1\jquery-3.5.1.jar;C:\Users\Aline e Rodrigo\.m2\repository\org\hamcrest\hamcrest\2.2\hamcrest-2
Launcher Type: SUN_STANDARD

[Global flags]
     intx CICompilerCount                          = 4                                         {product} {ergonomic}
     uint ConcGCThreads                            = 2                                         {product} {ergonomic}
     uint G1ConcRefinementThreads                  = 8                                         {product} {ergonomic}
   size_t G1HeapRegionSize                         = 1048576                                   {product} {ergonomic}
    uintx GCDrainStackTargetSize                   = 64                                        {product} {ergonomic}
   size_t InitialHeapSize                          = 132120576                                 {product} {ergonomic}
   size_t MarkStackSize                            = 4194304                                   {product} {ergonomic}
   size_t MaxHeapSize                              = 2105540608                                {product} {ergonomic}
   size_t MinHeapDeltaBytes                        = 1048576                                   {product} {ergonomic}
   size_t MinHeapSize                              = 8388608                                   {product} {ergonomic}
    uintx NonNMethodCodeHeapSize                   = 5839372                                {pd product} {ergonomic}
    uintx NonProfiledCodeHeapSize                  = 122909434                              {pd product} {ergonomic}
    uintx ProfiledCodeHeapSize                     = 122909434                              {pd product} {ergonomic}
    uintx ReservedCodeCacheSize                    = 251658240                              {pd product} {ergonomic}
     bool SegmentedCodeCache                       = true                                      {product} {ergonomic}
     bool ShowCodeDetailsInExceptionMessages       = true                                   {manageable} {command line}
   size_t SoftMaxHeapSize                          = 2105540608                             {manageable} {ergonomic}
     bool UseCompressedClassPointers               = true                           {product lp64_product} {ergonomic}
     bool UseCompressedOops                        = true                           {product lp64_product} {ergonomic}
     bool UseG1GC                                  = true                                      {product} {ergonomic}
     bool UseLargePagesIndividualAllocation        = false                                  {pd product} {ergonomic}

Logging:
Log output configuration:
 #0: stdout all=warning uptime,level,tags
 #1: stderr all=off uptime,level,tags

Environment Variables:
JAVA_HOME=C:\Program Files\Java\jdk1.8.0_291
PATH=C:/Users/Aline e Rodrigo/Downloads/eclipse-java-2021-12-R-win32-x86_64/eclipse//plugins/org.eclipse.justj.openjdk.hotspot.jre.full.win32.x86_64_17.0.1.v20211116-1657/jre/bin/server;C:/Users/Aline e Rodrigo/Downloads/eclipse-java-2021-12-R-win32-x86_64/eclipse//plugins/org.eclipse.justj.openjdk.hotspot.jre.full.win32.x86_64_17.0.1.v20211116-1657/jre/bin;C:\Program Files\Python39\Scripts\;C:\Program Files\Python39\;C:\Program Files (x86)\Common Files\Oracle\Java\javapath;C:\WINDOWS\system32;C:\WINDOWS;C:\WINDOWS\System32\Wbem;C:\WINDOWS\System32\WindowsPowerShell\v1.0\;C:\WINDOWS\System32\OpenSSH\;C:\Program Files\Java\jdk1.8.0_291\bin;C:\Program Files\Git\cmd;C:\Program Files\Microsoft SQL Server\Client SDK\ODBC\170\Tools\Binn\;C:\Program Files (x86)\Microsoft SQL Server\150\Tools\Binn\;C:\Program Files\Microsoft SQL Server\150\Tools\Binn\;C:\Program Files\Microsoft SQL Server\150\DTS\Binn\;C:\Program Files (x86)\Microsoft SQL Server\150\DTS\Binn\;C:\Program Files\Azure Data Studio\bin;C:\Users\Aline e Rodrigo\AppData\Local\Microsoft\WindowsApps;;C:\Users\Aline e Rodrigo\AppData\Local\Programs\Hyper\resources\bin;C:\Program Files\Azure Data Studio\bin;C:\Users\Aline e Rodrigo\Downloads\eclipse-java-2021-12-R-win32-x86_64\eclipse;
USERNAME=Aline e Rodrigo
OS=Windows_NT
PROCESSOR_IDENTIFIER=Intel64 Family 6 Model 142 Stepping 12, GenuineIntel



---------------  S Y S T E M  ---------------

OS:
 Windows 10 , 64 bit Build 22000 (10.0.22000.434)
OS uptime: 6 days 12:52 hours

CPU: total 8 (initial active 8) (4 cores per cpu, 2 threads per core) family 6 model 142 stepping 12 microcode 0xea, cx8, cmov, fxsr, ht, mmx, 3dnowpref, sse, sse2, sse3, ssse3, sse4.1, sse4.2, popcnt, lzcnt, tsc, tscinvbit, avx, avx2, aes, erms, clmul, bmi1, bmi2, adx, fma, vzeroupper, clflush, clflushopt

Memory: 4k page, system-wide physical 8029M (140M free)
TotalPageFile size 32565M (AvailPageFile size 68M)
current process WorkingSet (physical memory assigned to process): 10M, peak: 10M
current process commit charge ("private bytes"): 60M, peak: 185M

vm_info: OpenJDK 64-Bit Server VM (17.0.1+12) for windows-amd64 JRE (17.0.1+12), built on Oct 20 2021 07:42:55 by "" with MS VC++ 16.7 (VS2019)

END.
